0 info it worked if it ends with ok
1 verbose cli [ '/usr/bin/nodejs', '/usr/bin/npm', 'i', '-g', 'bower' ]
2 info using npm@2.15.9
3 info using node@v4.5.0
4 verbose install initial load of /usr/lib/package.json
5 verbose readDependencies loading dependencies from /usr/lib/package.json
6 silly cache add args [ 'bower', null ]
7 verbose cache add spec bower
8 silly cache add parsed spec Result {
8 silly cache add   raw: 'bower',
8 silly cache add   scope: null,
8 silly cache add   name: 'bower',
8 silly cache add   rawSpec: '',
8 silly cache add   spec: 'latest',
8 silly cache add   type: 'tag' }
9 silly addNamed bower@latest
10 verbose addNamed "latest" is being treated as a dist-tag for bower
11 info addNameTag [ 'bower', 'latest' ]
12 silly mapToRegistry name bower
13 silly mapToRegistry using default registry
14 silly mapToRegistry registry https://registry.npmjs.org/
15 silly mapToRegistry data Result {
15 silly mapToRegistry   raw: 'bower',
15 silly mapToRegistry   scope: null,
15 silly mapToRegistry   name: 'bower',
15 silly mapToRegistry   rawSpec: '',
15 silly mapToRegistry   spec: 'latest',
15 silly mapToRegistry   type: 'tag' }
16 silly mapToRegistry uri https://registry.npmjs.org/bower
17 verbose addNameTag registry:https://registry.npmjs.org/bower not in flight; fetching
18 verbose request uri https://registry.npmjs.org/bower
19 verbose request no auth needed
20 info attempt registry request try #1 at 9:58:52 PM
21 verbose request id af6d4e1603ac8e55
22 verbose etag "CFBAST7CHJ9HJ6ILJVYWX6WRI"
23 http request GET https://registry.npmjs.org/bower
24 http 200 https://registry.npmjs.org/bower
25 verbose headers { server: 'CouchDB/1.5.0 (Erlang OTP/R16B03)',
25 verbose headers   etag: '"4AOEKVU0DG0ZW8Z7U9ISNPHW6"',
25 verbose headers   'content-type': 'application/json',
25 verbose headers   'content-encoding': 'gzip',
25 verbose headers   'cache-control': 'max-age=300',
25 verbose headers   'content-length': '21060',
25 verbose headers   'accept-ranges': 'bytes',
25 verbose headers   date: 'Fri, 11 Nov 2016 21:59:06 GMT',
25 verbose headers   via: '1.1 varnish',
25 verbose headers   age: '91',
25 verbose headers   connection: 'keep-alive',
25 verbose headers   'x-served-by': 'cache-atl6228-ATL',
25 verbose headers   'x-cache': 'HIT',
25 verbose headers   'x-cache-hits': '1',
25 verbose headers   'x-timer': 'S1478901546.270925,VS0,VE0',
25 verbose headers   vary: 'Accept-Encoding' }
26 silly get cb [ 200,
26 silly get   { server: 'CouchDB/1.5.0 (Erlang OTP/R16B03)',
26 silly get     etag: '"4AOEKVU0DG0ZW8Z7U9ISNPHW6"',
26 silly get     'content-type': 'application/json',
26 silly get     'content-encoding': 'gzip',
26 silly get     'cache-control': 'max-age=300',
26 silly get     'content-length': '21060',
26 silly get     'accept-ranges': 'bytes',
26 silly get     date: 'Fri, 11 Nov 2016 21:59:06 GMT',
26 silly get     via: '1.1 varnish',
26 silly get     age: '91',
26 silly get     connection: 'keep-alive',
26 silly get     'x-served-by': 'cache-atl6228-ATL',
26 silly get     'x-cache': 'HIT',
26 silly get     'x-cache-hits': '1',
26 silly get     'x-timer': 'S1478901546.270925,VS0,VE0',
26 silly get     vary: 'Accept-Encoding' } ]
27 verbose get saving bower to /home/mkhali8/.npm/registry.npmjs.org/bower/.cache.json
28 verbose correctMkdir /home/mkhali8/.npm correctMkdir not in flight; initializing
29 silly addNameTag next cb for bower with tag latest
30 silly addNamed bower@1.8.0
31 verbose addNamed "1.8.0" is a plain semver version for bower
32 silly cache afterAdd bower@1.8.0
33 verbose afterAdd /home/mkhali8/.npm/bower/1.8.0/package/package.json not in flight; writing
34 verbose correctMkdir /home/mkhali8/.npm correctMkdir not in flight; initializing
35 verbose afterAdd /home/mkhali8/.npm/bower/1.8.0/package/package.json written
36 silly install resolved [ { name: 'bower',
36 silly install resolved     version: '1.8.0',
36 silly install resolved     description: 'The browser package manager',
36 silly install resolved     author: { name: 'Twitter' },
36 silly install resolved     license: 'MIT',
36 silly install resolved     repository: { type: 'git', url: 'git+https://github.com/bower/bower.git' },
36 silly install resolved     main: 'lib',
36 silly install resolved     bin: { bower: 'bin/bower' },
36 silly install resolved     homepage: 'http://bower.io',
36 silly install resolved     engines: { node: '>=0.10.0' },
36 silly install resolved     keywords: [ 'bower' ],
36 silly install resolved     files: [ 'bin', 'lib' ],
36 silly install resolved     bugs: { url: 'https://github.com/bower/bower/issues' },
36 silly install resolved     _id: 'bower@1.8.0',
36 silly install resolved     scripts: {},
36 silly install resolved     _shasum: '55dbebef0ad9155382d9e9d3e497c1372345b44a',
36 silly install resolved     _from: 'bower@latest',
36 silly install resolved     _npmVersion: '3.10.9',
36 silly install resolved     _nodeVersion: '4.4.6',
36 silly install resolved     _npmUser: { name: 'sheerun', email: 'sheerun@sher.pl' },
36 silly install resolved     dist:
36 silly install resolved      { shasum: '55dbebef0ad9155382d9e9d3e497c1372345b44a',
36 silly install resolved        tarball: 'https://registry.npmjs.org/bower/-/bower-1.8.0.tgz' },
36 silly install resolved     maintainers:
36 silly install resolved      [ [Object],
36 silly install resolved        [Object],
36 silly install resolved        [Object],
36 silly install resolved        [Object],
36 silly install resolved        [Object],
36 silly install resolved        [Object],
36 silly install resolved        [Object] ],
36 silly install resolved     _npmOperationalInternal:
36 silly install resolved      { host: 'packages-18-east.internal.npmjs.com',
36 silly install resolved        tmp: 'tmp/bower-1.8.0.tgz_1478512918020_0.7136248126626015' },
36 silly install resolved     directories: {},
36 silly install resolved     _resolved: 'https://registry.npmjs.org/bower/-/bower-1.8.0.tgz',
36 silly install resolved     readme: 'ERROR: No README data found!' } ]
37 info install bower@1.8.0 into /usr/lib
38 info installOne bower@1.8.0
39 verbose installOne of bower to /usr/lib not in flight; installing
40 verbose correctMkdir /home/mkhali8/.npm/_locks correctMkdir not in flight; initializing
41 verbose lock using /home/mkhali8/.npm/_locks/bower-f46d670cb56ecd4d.lock for /usr/lib/node_modules/bower
42 silly install write writing bower 1.8.0 to /usr/lib/node_modules/bower
43 verbose unbuild lib/node_modules/bower
44 silly gentlyRm /usr/lib/node_modules/bower is being purged from base /usr
45 verbose gentlyRm don't care about contents; nuking /usr/lib/node_modules/bower
46 verbose tar unpack /home/mkhali8/.npm/bower/1.8.0/package.tgz
47 verbose tar unpacking to /usr/lib/node_modules/bower
48 silly gentlyRm /usr/lib/node_modules/bower is being purged
49 verbose gentlyRm don't care about contents; nuking /usr/lib/node_modules/bower
50 silly gunzTarPerm modes [ '755', '644' ]
51 error tar.unpack untar error /home/mkhali8/.npm/bower/1.8.0/package.tgz
52 verbose unlock done using /home/mkhali8/.npm/_locks/bower-f46d670cb56ecd4d.lock for /usr/lib/node_modules/bower
53 verbose fstream_path /usr/lib/node_modules/bower
54 verbose fstream_type Directory
55 verbose fstream_class DirWriter
56 verbose stack Error: EACCES: permission denied, mkdir '/usr/lib/node_modules/bower'
56 verbose stack     at Error (native)
57 verbose fstream_stack /usr/lib/node_modules/npm/node_modules/fstream/lib/dir-writer.js:35:25
57 verbose fstream_stack /usr/lib/node_modules/npm/node_modules/mkdirp/index.js:47:53
57 verbose fstream_stack FSReqWrap.oncomplete (fs.js:82:15)
58 verbose cwd /home/mkhali8/dev/dsa_dev/static
59 error Linux 4.4.0-34-generic
60 error argv "/usr/bin/nodejs" "/usr/bin/npm" "i" "-g" "bower"
61 error node v4.5.0
62 error npm  v2.15.9
63 error path /usr/lib/node_modules/bower
64 error code EACCES
65 error errno -13
66 error syscall mkdir
67 error Error: EACCES: permission denied, mkdir '/usr/lib/node_modules/bower'
67 error     at Error (native)
67 error  { [Error: EACCES: permission denied, mkdir '/usr/lib/node_modules/bower']
67 error   errno: -13,
67 error   code: 'EACCES',
67 error   syscall: 'mkdir',
67 error   path: '/usr/lib/node_modules/bower',
67 error   fstream_type: 'Directory',
67 error   fstream_path: '/usr/lib/node_modules/bower',
67 error   fstream_class: 'DirWriter',
67 error   fstream_stack:
67 error    [ '/usr/lib/node_modules/npm/node_modules/fstream/lib/dir-writer.js:35:25',
67 error      '/usr/lib/node_modules/npm/node_modules/mkdirp/index.js:47:53',
67 error      'FSReqWrap.oncomplete (fs.js:82:15)' ] }
68 error Please try running this command again as root/Administrator.
69 verbose exit [ -13, true ]
70 verbose unbuild lib/node_modules/bower
71 silly gentlyRm /usr/lib/node_modules/bower is being purged from base /usr
72 verbose gentlyRm don't care about contents; nuking /usr/lib/node_modules/bower
